*****Starting TC001_Customer Registration*****
*****Starting TC001_Customer Registration*****
*****End of TC001_Customer Registration*****
*****Starting TC001_Customer Registration*****
Clicked on Sign IN Button with object: [[ChromeDriver: chrome on WINDOWS (868aa9cd4500b0bf1ee8260ff8474687)] -> link text: Sign in]
Entering Email ID: qatest4873@gmail.comusing object:[[ChromeDriver: chrome on WINDOWS (868aa9cd4500b0bf1ee8260ff8474687)] -> id: email_create]
Clicking on Create An Account: [[ChromeDriver: chrome on WINDOWS (868aa9cd4500b0bf1ee8260ff8474687)] -> id: SubmitCreate]
Verifying customer info page by using object[[ChromeDriver: chrome on WINDOWS (868aa9cd4500b0bf1ee8260ff8474687)] -> xpath: //h1[text()='Create an account']]
Clicking on Mrradio button by using object: [[ChromeDriver: chrome on WINDOWS (868aa9cd4500b0bf1ee8260ff8474687)] -> id: id_gender1]
Entering First Name by using object: [[ChromeDriver: chrome on WINDOWS (868aa9cd4500b0bf1ee8260ff8474687)] -> id: customer_firstname]
Entering Last Name by using object: [[ChromeDriver: chrome on WINDOWS (868aa9cd4500b0bf1ee8260ff8474687)] -> id: customer_lastname]
Entering Password by using object: [[ChromeDriver: chrome on WINDOWS (868aa9cd4500b0bf1ee8260ff8474687)] -> id: passwd]
Selected a Day by using object: [[ChromeDriver: chrome on WINDOWS (868aa9cd4500b0bf1ee8260ff8474687)] -> id: days]
Selected a Month by using object: [[ChromeDriver: chrome on WINDOWS (868aa9cd4500b0bf1ee8260ff8474687)] -> id: months]
Selected a Year by using object: [[ChromeDriver: chrome on WINDOWS (868aa9cd4500b0bf1ee8260ff8474687)] -> id: years]
Entering Address by using object: [[ChromeDriver: chrome on WINDOWS (868aa9cd4500b0bf1ee8260ff8474687)] -> id: address1]
Entering City by using object: [[ChromeDriver: chrome on WINDOWS (868aa9cd4500b0bf1ee8260ff8474687)] -> id: city]
Selected a State by using object: [[ChromeDriver: chrome on WINDOWS (868aa9cd4500b0bf1ee8260ff8474687)] -> id: id_state]
Entering ZipCode by using object: [[ChromeDriver: chrome on WINDOWS (868aa9cd4500b0bf1ee8260ff8474687)] -> id: postcode]
Selected a Country by using object: [[ChromeDriver: chrome on WINDOWS (868aa9cd4500b0bf1ee8260ff8474687)] -> id: id_country]
Entering MobileNumber by using object: [[ChromeDriver: chrome on WINDOWS (868aa9cd4500b0bf1ee8260ff8474687)] -> id: phone_mobile]
Entering AliasAddress by using object: [[ChromeDriver: chrome on WINDOWS (868aa9cd4500b0bf1ee8260ff8474687)] -> id: alias]
Clicking on Register:  Proxy element for: DefaultElementLocator 'By.id: submitAccount'
Verified My Account Page by using object:  [[ChromeDriver: chrome on WINDOWS (868aa9cd4500b0bf1ee8260ff8474687)] -> xpath: //h1[text()='My account']]
Clicking on SignOut Button using object:  [[ChromeDriver: chrome on WINDOWS (868aa9cd4500b0bf1ee8260ff8474687)] -> link text: Sign in]
*****End of TC001_Customer Registration*****
*****Starting TC001_Customer Registration*****
Clicked on Sign IN Button with object: [[ChromeDriver: chrome on WINDOWS (d7598448ea0eba00c430d4c81090daf6)] -> link text: Sign in]
Entering Email ID: qatest612@gmail.comusing object:[[ChromeDriver: chrome on WINDOWS (d7598448ea0eba00c430d4c81090daf6)] -> id: email_create]
Clicking on Create An Account: [[ChromeDriver: chrome on WINDOWS (d7598448ea0eba00c430d4c81090daf6)] -> id: SubmitCreate]
Verifying customer info page by using object[[ChromeDriver: chrome on WINDOWS (d7598448ea0eba00c430d4c81090daf6)] -> xpath: //h1[text()='Create an account']]
Clicking on Mrradio button by using object: [[ChromeDriver: chrome on WINDOWS (d7598448ea0eba00c430d4c81090daf6)] -> id: id_gender1]
Entering First Name by using object: [[ChromeDriver: chrome on WINDOWS (d7598448ea0eba00c430d4c81090daf6)] -> id: customer_firstname]
Entering Last Name by using object: [[ChromeDriver: chrome on WINDOWS (d7598448ea0eba00c430d4c81090daf6)] -> id: customer_lastname]
Entering Password by using object: [[ChromeDriver: chrome on WINDOWS (d7598448ea0eba00c430d4c81090daf6)] -> id: passwd]
Selected a Day by using object: [[ChromeDriver: chrome on WINDOWS (d7598448ea0eba00c430d4c81090daf6)] -> id: days]
Selected a Month by using object: [[ChromeDriver: chrome on WINDOWS (d7598448ea0eba00c430d4c81090daf6)] -> id: months]
Selected a Year by using object: [[ChromeDriver: chrome on WINDOWS (d7598448ea0eba00c430d4c81090daf6)] -> id: years]
Entering Address by using object: [[ChromeDriver: chrome on WINDOWS (d7598448ea0eba00c430d4c81090daf6)] -> id: address1]
Entering City by using object: [[ChromeDriver: chrome on WINDOWS (d7598448ea0eba00c430d4c81090daf6)] -> id: city]
Selected a State by using object: [[ChromeDriver: chrome on WINDOWS (d7598448ea0eba00c430d4c81090daf6)] -> id: id_state]
Entering ZipCode by using object: [[ChromeDriver: chrome on WINDOWS (d7598448ea0eba00c430d4c81090daf6)] -> id: postcode]
Selected a Country by using object: [[ChromeDriver: chrome on WINDOWS (d7598448ea0eba00c430d4c81090daf6)] -> id: id_country]
Entering MobileNumber by using object: [[ChromeDriver: chrome on WINDOWS (d7598448ea0eba00c430d4c81090daf6)] -> id: phone_mobile]
Entering AliasAddress by using object: [[ChromeDriver: chrome on WINDOWS (d7598448ea0eba00c430d4c81090daf6)] -> id: alias]
Clicking on Register:  Proxy element for: DefaultElementLocator 'By.id: submitAccount'
Verified My Account Page by using object:  [[ChromeDriver: chrome on WINDOWS (d7598448ea0eba00c430d4c81090daf6)] -> xpath: //h1[text()='My account']]
Clicking on SignOut Button using object:  [[ChromeDriver: chrome on WINDOWS (d7598448ea0eba00c430d4c81090daf6)] -> link text: Sign in]
*****End of TC001_Customer Registration*****
*****Starting TC001_Customer Registration*****
Clicked on Sign IN Button with object: [[ChromeDriver: chrome on WINDOWS (dc34e3fe4ace20bea2d6d32ef627380c)] -> link text: Sign in]
Entering Email ID: qatest8417@gmail.comusing object:[[ChromeDriver: chrome on WINDOWS (dc34e3fe4ace20bea2d6d32ef627380c)] -> id: email_create]
Clicking on Create An Account: [[ChromeDriver: chrome on WINDOWS (dc34e3fe4ace20bea2d6d32ef627380c)] -> id: SubmitCreate]
Verifying customer info page by using object[[ChromeDriver: chrome on WINDOWS (dc34e3fe4ace20bea2d6d32ef627380c)] -> xpath: //h1[text()='Create an account']]
Clicking on Mrradio button by using object: [[ChromeDriver: chrome on WINDOWS (dc34e3fe4ace20bea2d6d32ef627380c)] -> id: id_gender1]
Entering First Name by using object: [[ChromeDriver: chrome on WINDOWS (dc34e3fe4ace20bea2d6d32ef627380c)] -> id: customer_firstname]
Entering Last Name by using object: [[ChromeDriver: chrome on WINDOWS (dc34e3fe4ace20bea2d6d32ef627380c)] -> id: customer_lastname]
Entering Password by using object: [[ChromeDriver: chrome on WINDOWS (dc34e3fe4ace20bea2d6d32ef627380c)] -> id: passwd]
Selected a Day by using object: [[ChromeDriver: chrome on WINDOWS (dc34e3fe4ace20bea2d6d32ef627380c)] -> id: days]
Selected a Month by using object: [[ChromeDriver: chrome on WINDOWS (dc34e3fe4ace20bea2d6d32ef627380c)] -> id: months]
Selected a Year by using object: [[ChromeDriver: chrome on WINDOWS (dc34e3fe4ace20bea2d6d32ef627380c)] -> id: years]
Entering Address by using object: [[ChromeDriver: chrome on WINDOWS (dc34e3fe4ace20bea2d6d32ef627380c)] -> id: address1]
Entering City by using object: [[ChromeDriver: chrome on WINDOWS (dc34e3fe4ace20bea2d6d32ef627380c)] -> id: city]
Selected a State by using object: [[ChromeDriver: chrome on WINDOWS (dc34e3fe4ace20bea2d6d32ef627380c)] -> id: id_state]
Entering ZipCode by using object: [[ChromeDriver: chrome on WINDOWS (dc34e3fe4ace20bea2d6d32ef627380c)] -> id: postcode]
Selected a Country by using object: [[ChromeDriver: chrome on WINDOWS (dc34e3fe4ace20bea2d6d32ef627380c)] -> id: id_country]
Entering MobileNumber by using object: [[ChromeDriver: chrome on WINDOWS (dc34e3fe4ace20bea2d6d32ef627380c)] -> id: phone_mobile]
Entering AliasAddress by using object: [[ChromeDriver: chrome on WINDOWS (dc34e3fe4ace20bea2d6d32ef627380c)] -> id: alias]
Clicking on Register:  Proxy element for: DefaultElementLocator 'By.id: submitAccount'
Verified My Account Page by using object:  [[ChromeDriver: chrome on WINDOWS (dc34e3fe4ace20bea2d6d32ef627380c)] -> xpath: //h1[text()='My account']]
Clicking on SignOut Button using object:  [[ChromeDriver: chrome on WINDOWS (dc34e3fe4ace20bea2d6d32ef627380c)] -> link text: Sign in]
*****End of TC001_Customer Registration*****
*****Starting TC001_Customer Registration*****
Clicked on Sign IN Button with object: [[ChromeDriver: chrome on WINDOWS (7b347157d6266635655f6e61050cee32)] -> link text: Sign in]
Entering Email ID: qatest6740@gmail.comusing object:[[ChromeDriver: chrome on WINDOWS (7b347157d6266635655f6e61050cee32)] -> id: email_create]
Clicking on Create An Account: [[ChromeDriver: chrome on WINDOWS (7b347157d6266635655f6e61050cee32)] -> id: SubmitCreate]
Verifying customer info page by using object[[ChromeDriver: chrome on WINDOWS (7b347157d6266635655f6e61050cee32)] -> xpath: //h1[text()='Create an account']]
Clicking on Mrradio button by using object: [[ChromeDriver: chrome on WINDOWS (7b347157d6266635655f6e61050cee32)] -> id: id_gender1]
Entering First Name by using object: [[ChromeDriver: chrome on WINDOWS (7b347157d6266635655f6e61050cee32)] -> id: customer_firstname]
Entering Last Name by using object: [[ChromeDriver: chrome on WINDOWS (7b347157d6266635655f6e61050cee32)] -> id: customer_lastname]
Entering Password by using object: [[ChromeDriver: chrome on WINDOWS (7b347157d6266635655f6e61050cee32)] -> id: passwd]
Selected a Day by using object: [[ChromeDriver: chrome on WINDOWS (7b347157d6266635655f6e61050cee32)] -> id: days]
Selected a Month by using object: [[ChromeDriver: chrome on WINDOWS (7b347157d6266635655f6e61050cee32)] -> id: months]
Selected a Year by using object: [[ChromeDriver: chrome on WINDOWS (7b347157d6266635655f6e61050cee32)] -> id: years]
Entering Address by using object: [[ChromeDriver: chrome on WINDOWS (7b347157d6266635655f6e61050cee32)] -> id: address1]
Entering City by using object: [[ChromeDriver: chrome on WINDOWS (7b347157d6266635655f6e61050cee32)] -> id: city]
Selected a State by using object: [[ChromeDriver: chrome on WINDOWS (7b347157d6266635655f6e61050cee32)] -> id: id_state]
Entering ZipCode by using object: [[ChromeDriver: chrome on WINDOWS (7b347157d6266635655f6e61050cee32)] -> id: postcode]
Selected a Country by using object: [[ChromeDriver: chrome on WINDOWS (7b347157d6266635655f6e61050cee32)] -> id: id_country]
Entering MobileNumber by using object: [[ChromeDriver: chrome on WINDOWS (7b347157d6266635655f6e61050cee32)] -> id: phone_mobile]
Entering AliasAddress by using object: [[ChromeDriver: chrome on WINDOWS (7b347157d6266635655f6e61050cee32)] -> id: alias]
Clicking on Register:  Proxy element for: DefaultElementLocator 'By.id: submitAccount'
Verified My Account Page by using object:  [[ChromeDriver: chrome on WINDOWS (7b347157d6266635655f6e61050cee32)] -> xpath: //h1[text()='My account']]
Clicking on SignOut Button using object:  [[ChromeDriver: chrome on WINDOWS (7b347157d6266635655f6e61050cee32)] -> link text: Sign in]
*****End of TC001_Customer Registration*****
*****Starting TC001_Customer Registration*****
Clicked on Sign IN Button with object: [[ChromeDriver: chrome on WINDOWS (1fd9aff8388c9d4e3e4d69ccb0104d64)] -> link text: Sign in]
Entering Email ID: qatest4180@gmail.comusing object:[[ChromeDriver: chrome on WINDOWS (1fd9aff8388c9d4e3e4d69ccb0104d64)] -> id: email_create]
Clicking on Create An Account: [[ChromeDriver: chrome on WINDOWS (1fd9aff8388c9d4e3e4d69ccb0104d64)] -> id: SubmitCreate]
Verifying customer info page by using object[[ChromeDriver: chrome on WINDOWS (1fd9aff8388c9d4e3e4d69ccb0104d64)] -> xpath: //h1[text()='Create an account']]
Clicking on Mrradio button by using object: [[ChromeDriver: chrome on WINDOWS (1fd9aff8388c9d4e3e4d69ccb0104d64)] -> id: id_gender1]
Entering First Name by using object: [[ChromeDriver: chrome on WINDOWS (1fd9aff8388c9d4e3e4d69ccb0104d64)] -> id: customer_firstname]
Entering Last Name by using object: [[ChromeDriver: chrome on WINDOWS (1fd9aff8388c9d4e3e4d69ccb0104d64)] -> id: customer_lastname]
Entering Password by using object: [[ChromeDriver: chrome on WINDOWS (1fd9aff8388c9d4e3e4d69ccb0104d64)] -> id: passwd]
Selected a Day by using object: [[ChromeDriver: chrome on WINDOWS (1fd9aff8388c9d4e3e4d69ccb0104d64)] -> id: days]
Selected a Month by using object: [[ChromeDriver: chrome on WINDOWS (1fd9aff8388c9d4e3e4d69ccb0104d64)] -> id: months]
Selected a Year by using object: [[ChromeDriver: chrome on WINDOWS (1fd9aff8388c9d4e3e4d69ccb0104d64)] -> id: years]
Entering Address by using object: [[ChromeDriver: chrome on WINDOWS (1fd9aff8388c9d4e3e4d69ccb0104d64)] -> id: address1]
Entering City by using object: [[ChromeDriver: chrome on WINDOWS (1fd9aff8388c9d4e3e4d69ccb0104d64)] -> id: city]
Selected a State by using object: [[ChromeDriver: chrome on WINDOWS (1fd9aff8388c9d4e3e4d69ccb0104d64)] -> id: id_state]
Entering ZipCode by using object: [[ChromeDriver: chrome on WINDOWS (1fd9aff8388c9d4e3e4d69ccb0104d64)] -> id: postcode]
Selected a Country by using object: [[ChromeDriver: chrome on WINDOWS (1fd9aff8388c9d4e3e4d69ccb0104d64)] -> id: id_country]
Entering MobileNumber by using object: [[ChromeDriver: chrome on WINDOWS (1fd9aff8388c9d4e3e4d69ccb0104d64)] -> id: phone_mobile]
Entering AliasAddress by using object: [[ChromeDriver: chrome on WINDOWS (1fd9aff8388c9d4e3e4d69ccb0104d64)] -> id: alias]
Clicking on Register:  Proxy element for: DefaultElementLocator 'By.id: submitAccount'
Verified My Account Page by using object:  [[ChromeDriver: chrome on WINDOWS (1fd9aff8388c9d4e3e4d69ccb0104d64)] -> xpath: //h1[text()='My account']]
Clicking on SignOut Button using object:  [[ChromeDriver: chrome on WINDOWS (1fd9aff8388c9d4e3e4d69ccb0104d64)] -> link text: Sign in]
*****End of TC001_Customer Registration*****
*****Starting TC001_Customer Registration*****
Clicked on Sign IN Button with object: [[ChromeDriver: chrome on WINDOWS (48ebb9b3690b2feaf2214d79452616a6)] -> link text: Sign in]
Entering Email ID: qatest812@gmail.comusing object:[[ChromeDriver: chrome on WINDOWS (48ebb9b3690b2feaf2214d79452616a6)] -> id: email_create]
Clicking on Create An Account: [[ChromeDriver: chrome on WINDOWS (48ebb9b3690b2feaf2214d79452616a6)] -> id: SubmitCreate]
Verifying customer info page by using object[[ChromeDriver: chrome on WINDOWS (48ebb9b3690b2feaf2214d79452616a6)] -> xpath: //h1[text()='Create an account']]
Clicking on Mrradio button by using object: [[ChromeDriver: chrome on WINDOWS (48ebb9b3690b2feaf2214d79452616a6)] -> id: id_gender1]
Entering First Name by using object: [[ChromeDriver: chrome on WINDOWS (48ebb9b3690b2feaf2214d79452616a6)] -> id: customer_firstname]
Entering Last Name by using object: [[ChromeDriver: chrome on WINDOWS (48ebb9b3690b2feaf2214d79452616a6)] -> id: customer_lastname]
Entering Password by using object: [[ChromeDriver: chrome on WINDOWS (48ebb9b3690b2feaf2214d79452616a6)] -> id: passwd]
Selected a Day by using object: [[ChromeDriver: chrome on WINDOWS (48ebb9b3690b2feaf2214d79452616a6)] -> id: days]
Selected a Month by using object: [[ChromeDriver: chrome on WINDOWS (48ebb9b3690b2feaf2214d79452616a6)] -> id: months]
Selected a Year by using object: [[ChromeDriver: chrome on WINDOWS (48ebb9b3690b2feaf2214d79452616a6)] -> id: years]
Entering Address by using object: [[ChromeDriver: chrome on WINDOWS (48ebb9b3690b2feaf2214d79452616a6)] -> id: address1]
Entering City by using object: [[ChromeDriver: chrome on WINDOWS (48ebb9b3690b2feaf2214d79452616a6)] -> id: city]
Selected a State by using object: [[ChromeDriver: chrome on WINDOWS (48ebb9b3690b2feaf2214d79452616a6)] -> id: id_state]
Entering ZipCode by using object: [[ChromeDriver: chrome on WINDOWS (48ebb9b3690b2feaf2214d79452616a6)] -> id: postcode]
Selected a Country by using object: [[ChromeDriver: chrome on WINDOWS (48ebb9b3690b2feaf2214d79452616a6)] -> id: id_country]
Entering MobileNumber by using object: [[ChromeDriver: chrome on WINDOWS (48ebb9b3690b2feaf2214d79452616a6)] -> id: phone_mobile]
Entering AliasAddress by using object: [[ChromeDriver: chrome on WINDOWS (48ebb9b3690b2feaf2214d79452616a6)] -> id: alias]
Clicking on Register:  Proxy element for: DefaultElementLocator 'By.id: submitAccount'
Verified My Account Page by using object:  [[ChromeDriver: chrome on WINDOWS (48ebb9b3690b2feaf2214d79452616a6)] -> xpath: //h1[text()='My account']]
Clicking on SignOut Button using object:  [[ChromeDriver: chrome on WINDOWS (48ebb9b3690b2feaf2214d79452616a6)] -> link text: Sign in]
*****End of TC001_Customer Registration*****
*****Starting TC001_Customer Registration*****
Clicked on Sign IN Button with object: [[ChromeDriver: chrome on WINDOWS (e6c10c1b773e5c8e75b21c480ab7dbb1)] -> link text: Sign in]
Entering Email ID: qatest6496@gmail.comusing object:[[ChromeDriver: chrome on WINDOWS (e6c10c1b773e5c8e75b21c480ab7dbb1)] -> id: email_create]
Clicking on Create An Account: [[ChromeDriver: chrome on WINDOWS (e6c10c1b773e5c8e75b21c480ab7dbb1)] -> id: SubmitCreate]
Verifying customer info page by using object[[ChromeDriver: chrome on WINDOWS (e6c10c1b773e5c8e75b21c480ab7dbb1)] -> xpath: //h1[text()='Create an account']]
Clicking on Mrradio button by using object: [[ChromeDriver: chrome on WINDOWS (e6c10c1b773e5c8e75b21c480ab7dbb1)] -> id: id_gender1]
Entering First Name by using object: [[ChromeDriver: chrome on WINDOWS (e6c10c1b773e5c8e75b21c480ab7dbb1)] -> id: customer_firstname]
Entering Last Name by using object: [[ChromeDriver: chrome on WINDOWS (e6c10c1b773e5c8e75b21c480ab7dbb1)] -> id: customer_lastname]
Entering Password by using object: [[ChromeDriver: chrome on WINDOWS (e6c10c1b773e5c8e75b21c480ab7dbb1)] -> id: passwd]
Selected a Day by using object: [[ChromeDriver: chrome on WINDOWS (e6c10c1b773e5c8e75b21c480ab7dbb1)] -> id: days]
Selected a Month by using object: [[ChromeDriver: chrome on WINDOWS (e6c10c1b773e5c8e75b21c480ab7dbb1)] -> id: months]
Selected a Year by using object: [[ChromeDriver: chrome on WINDOWS (e6c10c1b773e5c8e75b21c480ab7dbb1)] -> id: years]
Entering Address by using object: [[ChromeDriver: chrome on WINDOWS (e6c10c1b773e5c8e75b21c480ab7dbb1)] -> id: address1]
Entering City by using object: [[ChromeDriver: chrome on WINDOWS (e6c10c1b773e5c8e75b21c480ab7dbb1)] -> id: city]
Selected a State by using object: [[ChromeDriver: chrome on WINDOWS (e6c10c1b773e5c8e75b21c480ab7dbb1)] -> id: id_state]
Entering ZipCode by using object: [[ChromeDriver: chrome on WINDOWS (e6c10c1b773e5c8e75b21c480ab7dbb1)] -> id: postcode]
Selected a Country by using object: [[ChromeDriver: chrome on WINDOWS (e6c10c1b773e5c8e75b21c480ab7dbb1)] -> id: id_country]
Entering MobileNumber by using object: [[ChromeDriver: chrome on WINDOWS (e6c10c1b773e5c8e75b21c480ab7dbb1)] -> id: phone_mobile]
Entering AliasAddress by using object: [[ChromeDriver: chrome on WINDOWS (e6c10c1b773e5c8e75b21c480ab7dbb1)] -> id: alias]
Clicking on Register:  Proxy element for: DefaultElementLocator 'By.id: submitAccount'
Verified My Account Page by using object:  [[ChromeDriver: chrome on WINDOWS (e6c10c1b773e5c8e75b21c480ab7dbb1)] -> xpath: //h1[text()='My account']]
Clicking on SignOut Button using object:  [[ChromeDriver: chrome on WINDOWS (e6c10c1b773e5c8e75b21c480ab7dbb1)] -> link text: Sign in]
*****End of TC001_Customer Registration*****
*****Starting TC001_Customer Registration*****
Clicked on Sign IN Button with object: [[ChromeDriver: chrome on WINDOWS (00504410c84a11b919662b946d993453)] -> link text: Sign in]
Entering Email ID: qatest4709@gmail.comusing object:[[ChromeDriver: chrome on WINDOWS (00504410c84a11b919662b946d993453)] -> id: email_create]
Clicking on Create An Account: [[ChromeDriver: chrome on WINDOWS (00504410c84a11b919662b946d993453)] -> id: SubmitCreate]
Verifying customer info page by using object[[ChromeDriver: chrome on WINDOWS (00504410c84a11b919662b946d993453)] -> xpath: //h1[text()='Create an account']]
Clicking on Mrradio button by using object: [[ChromeDriver: chrome on WINDOWS (00504410c84a11b919662b946d993453)] -> id: id_gender1]
Entering First Name by using object: [[ChromeDriver: chrome on WINDOWS (00504410c84a11b919662b946d993453)] -> id: customer_firstname]
Entering Last Name by using object: [[ChromeDriver: chrome on WINDOWS (00504410c84a11b919662b946d993453)] -> id: customer_lastname]
Entering Password by using object: [[ChromeDriver: chrome on WINDOWS (00504410c84a11b919662b946d993453)] -> id: passwd]
Selected a Day by using object: [[ChromeDriver: chrome on WINDOWS (00504410c84a11b919662b946d993453)] -> id: days]
Selected a Month by using object: [[ChromeDriver: chrome on WINDOWS (00504410c84a11b919662b946d993453)] -> id: months]
Selected a Year by using object: [[ChromeDriver: chrome on WINDOWS (00504410c84a11b919662b946d993453)] -> id: years]
Entering Address by using object: [[ChromeDriver: chrome on WINDOWS (00504410c84a11b919662b946d993453)] -> id: address1]
Entering City by using object: [[ChromeDriver: chrome on WINDOWS (00504410c84a11b919662b946d993453)] -> id: city]
Selected a State by using object: [[ChromeDriver: chrome on WINDOWS (00504410c84a11b919662b946d993453)] -> id: id_state]
Entering ZipCode by using object: [[ChromeDriver: chrome on WINDOWS (00504410c84a11b919662b946d993453)] -> id: postcode]
Selected a Country by using object: [[ChromeDriver: chrome on WINDOWS (00504410c84a11b919662b946d993453)] -> id: id_country]
Entering MobileNumber by using object: [[ChromeDriver: chrome on WINDOWS (00504410c84a11b919662b946d993453)] -> id: phone_mobile]
Entering AliasAddress by using object: [[ChromeDriver: chrome on WINDOWS (00504410c84a11b919662b946d993453)] -> id: alias]
Clicking on Register:  Proxy element for: DefaultElementLocator 'By.id: submitAccount'
Verified My Account Page by using object:  [[ChromeDriver: chrome on WINDOWS (00504410c84a11b919662b946d993453)] -> xpath: //h1[text()='My account']]
Clicking on SignOut Button using object:  [[ChromeDriver: chrome on WINDOWS (00504410c84a11b919662b946d993453)] -> link text: Sign in]
*****End of TC001_Customer Registration*****
*****Starting TC001_Customer Registration*****
Clicked on Sign IN Button with object: [[ChromeDriver: chrome on WINDOWS (115da763e90e2c89d85d354a3a7cb0a9)] -> link text: Sign in]
Entering Email ID: qatest252@gmail.comusing object:[[ChromeDriver: chrome on WINDOWS (115da763e90e2c89d85d354a3a7cb0a9)] -> id: email_create]
Clicking on Create An Account: [[ChromeDriver: chrome on WINDOWS (115da763e90e2c89d85d354a3a7cb0a9)] -> id: SubmitCreate]
Verifying customer info page by using object[[ChromeDriver: chrome on WINDOWS (115da763e90e2c89d85d354a3a7cb0a9)] -> xpath: //h1[text()='Create an account']]
Clicking on Mrradio button by using object: [[ChromeDriver: chrome on WINDOWS (115da763e90e2c89d85d354a3a7cb0a9)] -> id: id_gender1]
Entering First Name by using object: [[ChromeDriver: chrome on WINDOWS (115da763e90e2c89d85d354a3a7cb0a9)] -> id: customer_firstname]
Entering Last Name by using object: [[ChromeDriver: chrome on WINDOWS (115da763e90e2c89d85d354a3a7cb0a9)] -> id: customer_lastname]
Entering Password by using object: [[ChromeDriver: chrome on WINDOWS (115da763e90e2c89d85d354a3a7cb0a9)] -> id: passwd]
Selected a Day by using object: [[ChromeDriver: chrome on WINDOWS (115da763e90e2c89d85d354a3a7cb0a9)] -> id: days]
Selected a Month by using object: [[ChromeDriver: chrome on WINDOWS (115da763e90e2c89d85d354a3a7cb0a9)] -> id: months]
Selected a Year by using object: [[ChromeDriver: chrome on WINDOWS (115da763e90e2c89d85d354a3a7cb0a9)] -> id: years]
Entering Address by using object: [[ChromeDriver: chrome on WINDOWS (115da763e90e2c89d85d354a3a7cb0a9)] -> id: address1]
Entering City by using object: [[ChromeDriver: chrome on WINDOWS (115da763e90e2c89d85d354a3a7cb0a9)] -> id: city]
Selected a State by using object: [[ChromeDriver: chrome on WINDOWS (115da763e90e2c89d85d354a3a7cb0a9)] -> id: id_state]
Entering ZipCode by using object: [[ChromeDriver: chrome on WINDOWS (115da763e90e2c89d85d354a3a7cb0a9)] -> id: postcode]
Selected a Country by using object: [[ChromeDriver: chrome on WINDOWS (115da763e90e2c89d85d354a3a7cb0a9)] -> id: id_country]
Entering MobileNumber by using object: [[ChromeDriver: chrome on WINDOWS (115da763e90e2c89d85d354a3a7cb0a9)] -> id: phone_mobile]
Entering AliasAddress by using object: [[ChromeDriver: chrome on WINDOWS (115da763e90e2c89d85d354a3a7cb0a9)] -> id: alias]
Clicking on Register:  Proxy element for: DefaultElementLocator 'By.id: submitAccount'
Verified My Account Page by using object:  [[ChromeDriver: chrome on WINDOWS (115da763e90e2c89d85d354a3a7cb0a9)] -> xpath: //h1[text()='My account']]
Clicking on SignOut Button using object:  [[ChromeDriver: chrome on WINDOWS (115da763e90e2c89d85d354a3a7cb0a9)] -> link text: Sign in]
*****End of TC001_Customer Registration*****
*****Starting TC001_Customer Registration*****
Clicked on Sign IN Button with object: [[ChromeDriver: chrome on WINDOWS (f8ecf86e0a9f6484599cfe06066a8a31)] -> link text: Sign in]
Entering Email ID: qatest9560@gmail.comusing object:[[ChromeDriver: chrome on WINDOWS (f8ecf86e0a9f6484599cfe06066a8a31)] -> id: email_create]
Clicking on Create An Account: [[ChromeDriver: chrome on WINDOWS (f8ecf86e0a9f6484599cfe06066a8a31)] -> id: SubmitCreate]
Verifying customer info page by using object[[ChromeDriver: chrome on WINDOWS (f8ecf86e0a9f6484599cfe06066a8a31)] -> xpath: //h1[text()='Create an account']]
Clicking on Mrradio button by using object: [[ChromeDriver: chrome on WINDOWS (f8ecf86e0a9f6484599cfe06066a8a31)] -> id: id_gender1]
Entering First Name by using object: [[ChromeDriver: chrome on WINDOWS (f8ecf86e0a9f6484599cfe06066a8a31)] -> id: customer_firstname]
Entering Last Name by using object: [[ChromeDriver: chrome on WINDOWS (f8ecf86e0a9f6484599cfe06066a8a31)] -> id: customer_lastname]
Entering Password by using object: [[ChromeDriver: chrome on WINDOWS (f8ecf86e0a9f6484599cfe06066a8a31)] -> id: passwd]
Selected a Day by using object: [[ChromeDriver: chrome on WINDOWS (f8ecf86e0a9f6484599cfe06066a8a31)] -> id: days]
Selected a Month by using object: [[ChromeDriver: chrome on WINDOWS (f8ecf86e0a9f6484599cfe06066a8a31)] -> id: months]
Selected a Year by using object: [[ChromeDriver: chrome on WINDOWS (f8ecf86e0a9f6484599cfe06066a8a31)] -> id: years]
Entering Address by using object: [[ChromeDriver: chrome on WINDOWS (f8ecf86e0a9f6484599cfe06066a8a31)] -> id: address1]
Entering City by using object: [[ChromeDriver: chrome on WINDOWS (f8ecf86e0a9f6484599cfe06066a8a31)] -> id: city]
Selected a State by using object: [[ChromeDriver: chrome on WINDOWS (f8ecf86e0a9f6484599cfe06066a8a31)] -> id: id_state]
Entering ZipCode by using object: [[ChromeDriver: chrome on WINDOWS (f8ecf86e0a9f6484599cfe06066a8a31)] -> id: postcode]
Selected a Country by using object: [[ChromeDriver: chrome on WINDOWS (f8ecf86e0a9f6484599cfe06066a8a31)] -> id: id_country]
Entering MobileNumber by using object: [[ChromeDriver: chrome on WINDOWS (f8ecf86e0a9f6484599cfe06066a8a31)] -> id: phone_mobile]
Entering AliasAddress by using object: [[ChromeDriver: chrome on WINDOWS (f8ecf86e0a9f6484599cfe06066a8a31)] -> id: alias]
Clicking on Register:  Proxy element for: DefaultElementLocator 'By.id: submitAccount'
Verified My Account Page by using object:  [[ChromeDriver: chrome on WINDOWS (f8ecf86e0a9f6484599cfe06066a8a31)] -> xpath: //h1[text()='My account']]
Clicking on SignOut Button using object:  [[ChromeDriver: chrome on WINDOWS (f8ecf86e0a9f6484599cfe06066a8a31)] -> link text: Sign in]
*****End of TC001_Customer Registration*****
*****Starting TC001_Customer Registration*****
Clicked on Sign IN Button with object: [[ChromeDriver: chrome on WINDOWS (9c12f2b300c91c400a776638e5ac1726)] -> link text: Sign in]
Entering Email ID: qatest4340@gmail.comusing object:[[ChromeDriver: chrome on WINDOWS (9c12f2b300c91c400a776638e5ac1726)] -> id: email_create]
Clicking on Create An Account: [[ChromeDriver: chrome on WINDOWS (9c12f2b300c91c400a776638e5ac1726)] -> id: SubmitCreate]
Verifying customer info page by using object[[ChromeDriver: chrome on WINDOWS (9c12f2b300c91c400a776638e5ac1726)] -> xpath: //h1[text()='Create an account']]
Clicking on Mrradio button by using object: [[ChromeDriver: chrome on WINDOWS (9c12f2b300c91c400a776638e5ac1726)] -> id: id_gender1]
Entering First Name by using object: [[ChromeDriver: chrome on WINDOWS (9c12f2b300c91c400a776638e5ac1726)] -> id: customer_firstname]
Entering Last Name by using object: [[ChromeDriver: chrome on WINDOWS (9c12f2b300c91c400a776638e5ac1726)] -> id: customer_lastname]
Entering Password by using object: [[ChromeDriver: chrome on WINDOWS (9c12f2b300c91c400a776638e5ac1726)] -> id: passwd]
Selected a Day by using object: [[ChromeDriver: chrome on WINDOWS (9c12f2b300c91c400a776638e5ac1726)] -> id: days]
Selected a Month by using object: [[ChromeDriver: chrome on WINDOWS (9c12f2b300c91c400a776638e5ac1726)] -> id: months]
Selected a Year by using object: [[ChromeDriver: chrome on WINDOWS (9c12f2b300c91c400a776638e5ac1726)] -> id: years]
Entering Address by using object: [[ChromeDriver: chrome on WINDOWS (9c12f2b300c91c400a776638e5ac1726)] -> id: address1]
Entering City by using object: [[ChromeDriver: chrome on WINDOWS (9c12f2b300c91c400a776638e5ac1726)] -> id: city]
Selected a State by using object: [[ChromeDriver: chrome on WINDOWS (9c12f2b300c91c400a776638e5ac1726)] -> id: id_state]
Entering ZipCode by using object: [[ChromeDriver: chrome on WINDOWS (9c12f2b300c91c400a776638e5ac1726)] -> id: postcode]
Selected a Country by using object: [[ChromeDriver: chrome on WINDOWS (9c12f2b300c91c400a776638e5ac1726)] -> id: id_country]
Entering MobileNumber by using object: [[ChromeDriver: chrome on WINDOWS (9c12f2b300c91c400a776638e5ac1726)] -> id: phone_mobile]
Entering AliasAddress by using object: [[ChromeDriver: chrome on WINDOWS (9c12f2b300c91c400a776638e5ac1726)] -> id: alias]
Clicking on Register:  Proxy element for: DefaultElementLocator 'By.id: submitAccount'
Verified My Account Page by using object:  [[ChromeDriver: chrome on WINDOWS (9c12f2b300c91c400a776638e5ac1726)] -> xpath: //h1[text()='My account']]
Clicking on SignOut Button using object:  [[ChromeDriver: chrome on WINDOWS (9c12f2b300c91c400a776638e5ac1726)] -> link text: Sign in]
*****End of TC001_Customer Registration*****
*****Starting TC001_Customer Registration*****
Clicked on Sign IN Button with object: [[ChromeDriver: chrome on WINDOWS (9a8c212f90b3f811c7017d153ea0c215)] -> link text: Sign in]
Entering Email ID: qatest9880@gmail.comusing object:[[ChromeDriver: chrome on WINDOWS (9a8c212f90b3f811c7017d153ea0c215)] -> id: email_create]
Clicking on Create An Account: [[ChromeDriver: chrome on WINDOWS (9a8c212f90b3f811c7017d153ea0c215)] -> id: SubmitCreate]
Verifying customer info page by using object[[ChromeDriver: chrome on WINDOWS (9a8c212f90b3f811c7017d153ea0c215)] -> xpath: //h1[text()='Create an account']]
Clicking on Mrradio button by using object: [[ChromeDriver: chrome on WINDOWS (9a8c212f90b3f811c7017d153ea0c215)] -> id: id_gender1]
Entering First Name by using object: [[ChromeDriver: chrome on WINDOWS (9a8c212f90b3f811c7017d153ea0c215)] -> id: customer_firstname]
Entering Last Name by using object: [[ChromeDriver: chrome on WINDOWS (9a8c212f90b3f811c7017d153ea0c215)] -> id: customer_lastname]
Entering Password by using object: [[ChromeDriver: chrome on WINDOWS (9a8c212f90b3f811c7017d153ea0c215)] -> id: passwd]
Selected a Day by using object: [[ChromeDriver: chrome on WINDOWS (9a8c212f90b3f811c7017d153ea0c215)] -> id: days]
Selected a Month by using object: [[ChromeDriver: chrome on WINDOWS (9a8c212f90b3f811c7017d153ea0c215)] -> id: months]
Selected a Year by using object: [[ChromeDriver: chrome on WINDOWS (9a8c212f90b3f811c7017d153ea0c215)] -> id: years]
Entering Address by using object: [[ChromeDriver: chrome on WINDOWS (9a8c212f90b3f811c7017d153ea0c215)] -> id: address1]
Entering City by using object: [[ChromeDriver: chrome on WINDOWS (9a8c212f90b3f811c7017d153ea0c215)] -> id: city]
Selected a State by using object: [[ChromeDriver: chrome on WINDOWS (9a8c212f90b3f811c7017d153ea0c215)] -> id: id_state]
Entering ZipCode by using object: [[ChromeDriver: chrome on WINDOWS (9a8c212f90b3f811c7017d153ea0c215)] -> id: postcode]
Selected a Country by using object: [[ChromeDriver: chrome on WINDOWS (9a8c212f90b3f811c7017d153ea0c215)] -> id: id_country]
Entering MobileNumber by using object: [[ChromeDriver: chrome on WINDOWS (9a8c212f90b3f811c7017d153ea0c215)] -> id: phone_mobile]
Entering AliasAddress by using object: [[ChromeDriver: chrome on WINDOWS (9a8c212f90b3f811c7017d153ea0c215)] -> id: alias]
Clicking on Register:  Proxy element for: DefaultElementLocator 'By.id: submitAccount'
Verified My Account Page by using object:  [[ChromeDriver: chrome on WINDOWS (9a8c212f90b3f811c7017d153ea0c215)] -> xpath: //h1[text()='My account']]
*****Starting TC001_Customer Registration*****
Clicked on Sign IN Button with object: [[ChromeDriver: chrome on WINDOWS (b03d3cffdf08776f7d689e2c740944b6)] -> link text: Sign in]
Entering Email ID: qatest4668@gmail.comusing object:[[ChromeDriver: chrome on WINDOWS (b03d3cffdf08776f7d689e2c740944b6)] -> id: email_create]
Clicking on Create An Account: [[ChromeDriver: chrome on WINDOWS (b03d3cffdf08776f7d689e2c740944b6)] -> id: SubmitCreate]
Verifying customer info page by using object[[ChromeDriver: chrome on WINDOWS (b03d3cffdf08776f7d689e2c740944b6)] -> xpath: //h1[text()='Create an account']]
Clicking on Mrradio button by using object: [[ChromeDriver: chrome on WINDOWS (b03d3cffdf08776f7d689e2c740944b6)] -> id: id_gender1]
Entering First Name by using object: [[ChromeDriver: chrome on WINDOWS (b03d3cffdf08776f7d689e2c740944b6)] -> id: customer_firstname]
Entering Last Name by using object: [[ChromeDriver: chrome on WINDOWS (b03d3cffdf08776f7d689e2c740944b6)] -> id: customer_lastname]
Entering Password by using object: [[ChromeDriver: chrome on WINDOWS (b03d3cffdf08776f7d689e2c740944b6)] -> id: passwd]
Selected a Day by using object: [[ChromeDriver: chrome on WINDOWS (b03d3cffdf08776f7d689e2c740944b6)] -> id: days]
Selected a Month by using object: [[ChromeDriver: chrome on WINDOWS (b03d3cffdf08776f7d689e2c740944b6)] -> id: months]
Selected a Year by using object: [[ChromeDriver: chrome on WINDOWS (b03d3cffdf08776f7d689e2c740944b6)] -> id: years]
Entering Address by using object: [[ChromeDriver: chrome on WINDOWS (b03d3cffdf08776f7d689e2c740944b6)] -> id: address1]
Entering City by using object: [[ChromeDriver: chrome on WINDOWS (b03d3cffdf08776f7d689e2c740944b6)] -> id: city]
Selected a State by using object: [[ChromeDriver: chrome on WINDOWS (b03d3cffdf08776f7d689e2c740944b6)] -> id: id_state]
Entering ZipCode by using object: [[ChromeDriver: chrome on WINDOWS (b03d3cffdf08776f7d689e2c740944b6)] -> id: postcode]
Selected a Country by using object: [[ChromeDriver: chrome on WINDOWS (b03d3cffdf08776f7d689e2c740944b6)] -> id: id_country]
Entering MobileNumber by using object: [[ChromeDriver: chrome on WINDOWS (b03d3cffdf08776f7d689e2c740944b6)] -> id: phone_mobile]
Entering AliasAddress by using object: [[ChromeDriver: chrome on WINDOWS (b03d3cffdf08776f7d689e2c740944b6)] -> id: alias]
Clicking on Register:  Proxy element for: DefaultElementLocator 'By.id: submitAccount'
Verified My Account Page by using object:  [[ChromeDriver: chrome on WINDOWS (b03d3cffdf08776f7d689e2c740944b6)] -> xpath: //h1[text()='My account']]
Clicking on SignOut Button using object:  [[ChromeDriver: chrome on WINDOWS (b03d3cffdf08776f7d689e2c740944b6)] -> link text: Sign in]
*****End of TC001_Customer Registration*****
